d:\techstack\computergraphics\renderengine\projects\softrender_ver.mihoyo\src\x64\release\materialdialog.obj
d:\techstack\computergraphics\renderengine\projects\softrender_ver.mihoyo\src\x64\release\vertex.obj
d:\techstack\computergraphics\renderengine\projects\softrender_ver.mihoyo\src\x64\release\camera.obj
d:\techstack\computergraphics\renderengine\projects\softrender_ver.mihoyo\src\x64\release\model.obj
d:\techstack\computergraphics\renderengine\projects\softrender_ver.mihoyo\src\x64\release\main.obj
d:\techstack\computergraphics\renderengine\projects\softrender_ver.mihoyo\src\x64\release\texture.obj
d:\techstack\computergraphics\renderengine\projects\softrender_ver.mihoyo\src\x64\release\clip.obj
d:\techstack\computergraphics\renderengine\projects\softrender_ver.mihoyo\src\x64\release\statemachine.obj
d:\techstack\computergraphics\renderengine\projects\softrender_ver.mihoyo\src\x64\release\envtab.obj
d:\techstack\computergraphics\renderengine\projects\softrender_ver.mihoyo\src\x64\release\mesh.obj
d:\techstack\computergraphics\renderengine\projects\softrender_ver.mihoyo\src\x64\release\renderwidget.obj
d:\techstack\computergraphics\renderengine\projects\softrender_ver.mihoyo\src\x64\release\image.obj
d:\techstack\computergraphics\renderengine\projects\softrender_ver.mihoyo\src\x64\release\transform.obj
d:\techstack\computergraphics\renderengine\projects\softrender_ver.mihoyo\src\x64\release\materialbase.obj
d:\techstack\computergraphics\renderengine\projects\softrender_ver.mihoyo\src\x64\release\shaderbase.obj
d:\techstack\computergraphics\renderengine\projects\softrender_ver.mihoyo\src\x64\release\graphics.obj
d:\techstack\computergraphics\renderengine\projects\softrender_ver.mihoyo\src\x64\release\skyboxshader.obj
d:\techstack\computergraphics\renderengine\projects\softrender_ver.mihoyo\src\x64\release\light.obj
d:\techstack\computergraphics\renderengine\projects\softrender_ver.mihoyo\src\x64\release\shadowshader.obj
d:\techstack\computergraphics\renderengine\projects\softrender_ver.mihoyo\src\x64\release\blinnshader.obj
d:\techstack\computergraphics\renderengine\projects\softrender_ver.mihoyo\src\x64\release\renderloop.obj
d:\techstack\computergraphics\renderengine\projects\softrender_ver.mihoyo\src\x64\release\framebuffer.obj
d:\techstack\computergraphics\renderengine\projects\softrender_ver.mihoyo\src\x64\release\modeltab.obj
d:\techstack\computergraphics\renderengine\projects\softrender_ver.mihoyo\src\x64\release\moc_modeltab.obj
d:\techstack\computergraphics\renderengine\projects\softrender_ver.mihoyo\src\x64\release\qrc_softrender_ver.mihoyo.obj
d:\techstack\computergraphics\renderengine\projects\softrender_ver.mihoyo\src\x64\release\moc_renderwidget.obj
d:\techstack\computergraphics\renderengine\projects\softrender_ver.mihoyo\src\x64\release\moc_materialdialog.obj
d:\techstack\computergraphics\renderengine\projects\softrender_ver.mihoyo\src\x64\release\moc_renderloop.obj
d:\techstack\computergraphics\renderengine\projects\softrender_ver.mihoyo\src\x64\release\moc_envtab.obj
d:\techstack\computergraphics\renderengine\projects\softrender_ver.mihoyo\src\x64\release\softrender_ver.mihoyo.exe
d:\techstack\computergraphics\renderengine\projects\softrender_ver.mihoyo\src\x64\release\moc\moc_renderwidget.cpp
d:\techstack\computergraphics\renderengine\projects\softrender_ver.mihoyo\src\x64\release\moc\moc_envtab.cpp
d:\techstack\computergraphics\renderengine\projects\softrender_ver.mihoyo\src\x64\release\moc\moc_materialdialog.cpp
d:\techstack\computergraphics\renderengine\projects\softrender_ver.mihoyo\src\x64\release\moc\moc_modeltab.cpp
d:\techstack\computergraphics\renderengine\projects\softrender_ver.mihoyo\src\x64\release\moc\moc_renderloop.cpp
d:\techstack\computergraphics\renderengine\projects\softrender_ver.mihoyo\src\x64\release\rcc\qrc_softrender_ver.mihoyo.cpp
d:\techstack\computergraphics\renderengine\projects\softrender_ver.mihoyo\src\x64\release\uic\ui_envtab.h
d:\techstack\computergraphics\renderengine\projects\softrender_ver.mihoyo\src\x64\release\uic\ui_materialdialog.h
d:\techstack\computergraphics\renderengine\projects\softrender_ver.mihoyo\src\x64\release\uic\ui_modeltab.h
d:\techstack\computergraphics\renderengine\projects\softrender_ver.mihoyo\src\x64\release\uic\ui_renderwidget.h
d:\techstack\computergraphics\renderengine\projects\softrender_ver.mihoyo\src\x64\release\vcpkg.applocal.log
d:\techstack\computergraphics\renderengine\projects\softrender_ver.mihoyo\src\x64\release\softrend.a66c145f.tlog\cl.19700.write.1.tlog
d:\techstack\computergraphics\renderengine\projects\softrender_ver.mihoyo\src\x64\release\softrend.a66c145f.tlog\cl.command.1.tlog
d:\techstack\computergraphics\renderengine\projects\softrender_ver.mihoyo\src\x64\release\softrend.a66c145f.tlog\cl.read.1.tlog
d:\techstack\computergraphics\renderengine\projects\softrender_ver.mihoyo\src\x64\release\softrend.a66c145f.tlog\link.command.1.tlog
d:\techstack\computergraphics\renderengine\projects\softrender_ver.mihoyo\src\x64\release\softrend.a66c145f.tlog\link.read.1.tlog
d:\techstack\computergraphics\renderengine\projects\softrender_ver.mihoyo\src\x64\release\softrend.a66c145f.tlog\link.write.1.tlog
d:\techstack\computergraphics\renderengine\projects\softrender_ver.mihoyo\src\x64\release\softrend.a66c145f.tlog\moc.read.1u.tlog
d:\techstack\computergraphics\renderengine\projects\softrender_ver.mihoyo\src\x64\release\softrend.a66c145f.tlog\moc.write.1u.tlog
d:\techstack\computergraphics\renderengine\projects\softrender_ver.mihoyo\src\x64\release\softrend.a66c145f.tlog\rcc.read.1u.tlog
d:\techstack\computergraphics\renderengine\projects\softrender_ver.mihoyo\src\x64\release\softrend.a66c145f.tlog\rcc.write.1u.tlog
d:\techstack\computergraphics\renderengine\projects\softrender_ver.mihoyo\src\x64\release\softrend.a66c145f.tlog\softrender_ver.mihoyo.write.1u.tlog
d:\techstack\computergraphics\renderengine\projects\softrender_ver.mihoyo\src\x64\release\softrend.a66c145f.tlog\uic.read.1u.tlog
d:\techstack\computergraphics\renderengine\projects\softrender_ver.mihoyo\src\x64\release\softrend.a66c145f.tlog\uic.write.1u.tlog
